Performing C SOURCE FILE Test CMAKE_HAVE_LIBC_PTHREAD failed with the following output:
Change Dir: /home/hzx/catkin_ws/src/VINS-Fusion/dense/cmake-build-debug/CMakeFiles/CMakeTmp

Run Build Command(s):/usr/bin/make cmTC_bfe02/fast && /usr/bin/make -f CMakeFiles/cmTC_bfe02.dir/build.make CMakeFiles/cmTC_bfe02.dir/build
make[1]: 进入目录“/home/hzx/catkin_ws/src/VINS-Fusion/dense/cmake-build-debug/CMakeFiles/CMakeTmp”
Building C object CMakeFiles/cmTC_bfe02.dir/src.c.o
/usr/bin/cc   -DCMAKE_HAVE_LIBC_PTHREAD   -o CMakeFiles/cmTC_bfe02.dir/src.c.o   -c /home/hzx/catkin_ws/src/VINS-Fusion/dense/cmake-build-debug/CMakeFiles/CMakeTmp/src.c
Linking C executable cmTC_bfe02
/usr/bin/cmake -E cmake_link_script CMakeFiles/cmTC_bfe02.dir/link.txt --verbose=1
/usr/bin/cc  -DCMAKE_HAVE_LIBC_PTHREAD    -rdynamic CMakeFiles/cmTC_bfe02.dir/src.c.o  -o cmTC_bfe02 
/usr/bin/ld: CMakeFiles/cmTC_bfe02.dir/src.c.o: in function `main':
src.c:(.text+0x46): undefined reference to `pthread_create'
/usr/bin/ld: src.c:(.text+0x52): undefined reference to `pthread_detach'
/usr/bin/ld: src.c:(.text+0x63): undefined reference to `pthread_join'
collect2: error: ld returned 1 exit status
make[1]: *** [CMakeFiles/cmTC_bfe02.dir/build.make:87：cmTC_bfe02] 错误 1
make[1]: 离开目录“/home/hzx/catkin_ws/src/VINS-Fusion/dense/cmake-build-debug/CMakeFiles/CMakeTmp”
make: *** [Makefile:121：cmTC_bfe02/fast] 错误 2


Source file was:
#include <pthread.h>

void* test_func(void* data)
{
  return data;
}

int main(void)
{
  pthread_t thread;
  pthread_create(&thread, NULL, test_func, NULL);
  pthread_detach(thread);
  pthread_join(thread, NULL);
  pthread_atfork(NULL, NULL, NULL);
  pthread_exit(NULL);

  return 0;
}

Determining if the function pthread_create exists in the pthreads failed with the following output:
Change Dir: /home/hzx/catkin_ws/src/VINS-Fusion/dense/cmake-build-debug/CMakeFiles/CMakeTmp

Run Build Command(s):/usr/bin/make cmTC_a38c8/fast && /usr/bin/make -f CMakeFiles/cmTC_a38c8.dir/build.make CMakeFiles/cmTC_a38c8.dir/build
make[1]: 进入目录“/home/hzx/catkin_ws/src/VINS-Fusion/dense/cmake-build-debug/CMakeFiles/CMakeTmp”
Building C object CMakeFiles/cmTC_a38c8.dir/CheckFunctionExists.c.o
/usr/bin/cc   -DCHECK_FUNCTION_EXISTS=pthread_create   -o CMakeFiles/cmTC_a38c8.dir/CheckFunctionExists.c.o   -c /usr/share/cmake-3.16/Modules/CheckFunctionExists.c
Linking C executable cmTC_a38c8
/usr/bin/cmake -E cmake_link_script CMakeFiles/cmTC_a38c8.dir/link.txt --verbose=1
/usr/bin/cc  -DCHECK_FUNCTION_EXISTS=pthread_create    -rdynamic CMakeFiles/cmTC_a38c8.dir/CheckFunctionExists.c.o  -o cmTC_a38c8  -lpthreads 
/usr/bin/ld: 找不到 -lpthreads
collect2: error: ld returned 1 exit status
make[1]: *** [CMakeFiles/cmTC_a38c8.dir/build.make:87：cmTC_a38c8] 错误 1
make[1]: 离开目录“/home/hzx/catkin_ws/src/VINS-Fusion/dense/cmake-build-debug/CMakeFiles/CMakeTmp”
make: *** [Makefile:121：cmTC_a38c8/fast] 错误 2



Determining if the function sgemm_ exists failed with the following output:
Change Dir: /home/hzx/catkin_ws/src/VINS-Fusion/dense/cmake-build-debug/CMakeFiles/CMakeTmp

Run Build Command(s):/usr/bin/make cmTC_5877d/fast && /usr/bin/make -f CMakeFiles/cmTC_5877d.dir/build.make CMakeFiles/cmTC_5877d.dir/build
make[1]: 进入目录“/home/hzx/catkin_ws/src/VINS-Fusion/dense/cmake-build-debug/CMakeFiles/CMakeTmp”
Building C object CMakeFiles/cmTC_5877d.dir/CheckFunctionExists.c.o
/usr/bin/cc   -DCHECK_FUNCTION_EXISTS=sgemm_   -o CMakeFiles/cmTC_5877d.dir/CheckFunctionExists.c.o   -c /usr/share/cmake-3.16/Modules/CheckFunctionExists.c
Linking C executable cmTC_5877d
/usr/bin/cmake -E cmake_link_script CMakeFiles/cmTC_5877d.dir/link.txt --verbose=1
/usr/bin/cc  -DCHECK_FUNCTION_EXISTS=sgemm_    -rdynamic CMakeFiles/cmTC_5877d.dir/CheckFunctionExists.c.o  -o cmTC_5877d 
/usr/bin/ld: CMakeFiles/cmTC_5877d.dir/CheckFunctionExists.c.o: in function `main':
CheckFunctionExists.c:(.text+0x14): undefined reference to `sgemm_'
collect2: error: ld returned 1 exit status
make[1]: *** [CMakeFiles/cmTC_5877d.dir/build.make:87：cmTC_5877d] 错误 1
make[1]: 离开目录“/home/hzx/catkin_ws/src/VINS-Fusion/dense/cmake-build-debug/CMakeFiles/CMakeTmp”
make: *** [Makefile:121：cmTC_5877d/fast] 错误 2



Determining if the function cheev_ exists failed with the following output:
Change Dir: /home/hzx/catkin_ws/src/VINS-Fusion/dense/cmake-build-debug/CMakeFiles/CMakeTmp

Run Build Command(s):/usr/bin/make cmTC_3959d/fast && /usr/bin/make -f CMakeFiles/cmTC_3959d.dir/build.make CMakeFiles/cmTC_3959d.dir/build
make[1]: 进入目录“/home/hzx/catkin_ws/src/VINS-Fusion/dense/cmake-build-debug/CMakeFiles/CMakeTmp”
Building C object CMakeFiles/cmTC_3959d.dir/CheckFunctionExists.c.o
/usr/bin/cc   -DCHECK_FUNCTION_EXISTS=cheev_   -o CMakeFiles/cmTC_3959d.dir/CheckFunctionExists.c.o   -c /usr/share/cmake-3.16/Modules/CheckFunctionExists.c
Linking C executable cmTC_3959d
/usr/bin/cmake -E cmake_link_script CMakeFiles/cmTC_3959d.dir/link.txt --verbose=1
/usr/bin/cc  -DCHECK_FUNCTION_EXISTS=cheev_    -rdynamic CMakeFiles/cmTC_3959d.dir/CheckFunctionExists.c.o  -o cmTC_3959d  /usr/lib/x86_64-linux-gnu/libf77blas.so /usr/lib/x86_64-linux-gnu/libatlas.so 
/usr/bin/ld: CMakeFiles/cmTC_3959d.dir/CheckFunctionExists.c.o: in function `main':
CheckFunctionExists.c:(.text+0x14): undefined reference to `cheev_'
collect2: error: ld returned 1 exit status
make[1]: *** [CMakeFiles/cmTC_3959d.dir/build.make:89：cmTC_3959d] 错误 1
make[1]: 离开目录“/home/hzx/catkin_ws/src/VINS-Fusion/dense/cmake-build-debug/CMakeFiles/CMakeTmp”
make: *** [Makefile:121：cmTC_3959d/fast] 错误 2



